2025-11-17 16:06:57 | Импорт начат | Файл: 2736364 (9).yml | Размер: 357937 байт
2025-11-17 16:06:58 | Импорт завершен | Создано: 202 | Обновлено: 153 | Ошибок: 0
2025-11-23 19:26:56 | Импорт начат | Файл: products_as_dishes_no_images (1).yml | Размер: 40713 байт
2025-11-23 19:26:56 | Импорт завершен | Создано: 102 | Обновлено: 0 | Ошибок: 0
2025-11-23 19:33:29 | Импорт начат | Файл: products_as_dishes_no_images (1).yml | Размер: 40713 байт
2025-11-23 19:33:29 | Импорт завершен | Создано: 102 | Обновлено: 0 | Ошибок: 0
2025-11-23 19:40:16 | Импорт начат | Файл: products_as_dishes_no_images (1).yml | Размер: 40713 байт
2025-11-23 19:40:17 | Импорт завершен | Создано: 102 | Обновлено: 0 | Ошибок: 0
2025-11-23 20:20:44 | Импорт начат | Файл: допы.yml | Размер: 20689 байт
2025-11-23 20:20:44 | Импорт завершен | Создано: 31 | Обновлено: 0 | Ошибок: 0
2025-11-23 20:45:02 | Импорт начат | Файл: products_with_images (1).yml | Размер: 43376 байт
2025-11-23 20:45:02 | ОШИБКА ИМПОРТА: Не удалось прочитать YML/XML файл: Ошибка парсинга XML: Start tag expected, '<' not found

2025-11-23 20:45:08 | Импорт начат | Файл: products_with_images (1).yml | Размер: 43376 байт
2025-11-23 20:45:08 | ОШИБКА ИМПОРТА: Не удалось прочитать YML/XML файл: Ошибка парсинга XML: Start tag expected, '<' not found

2025-11-24 07:37:15 | Импорт начат | Файл: products_as_dishes_no_images (1).yml | Размер: 40713 байт
2025-11-24 07:37:15 | Импорт завершен | Создано: 102 | Обновлено: 0 | Ошибок: 0
2025-11-24 16:07:16 | Импорт начат | Файл: products_as_dishes_no_images (1).yml | Размер: 40713 байт
2025-11-24 16:07:16 | Импорт завершен | Создано: 102 | Обновлено: 0 | Ошибок: 0
2025-11-24 16:39:03 | Импорт начат | Файл: products_as_dishes_no_images (1).yml | Размер: 40713 байт
2025-11-24 16:39:03 | Импорт завершен | Создано: 102 | Обновлено: 0 | Ошибок: 0
2025-11-24 16:43:24 | Импорт начат | Файл: 2736364 (1) (2).yml | Размер: 363439 байт
2025-11-24 16:43:25 | Импорт завершен | Создано: 358 | Обновлено: 0 | Ошибок: 0
2025-11-24 17:33:55 | Импорт начат | Файл: products_as_dishes_with_images_v2 (4).yml | Размер: 41146 байт
2025-11-24 17:33:55 | Импорт завершен | Создано: 98 | Обновлено: 4 | Ошибок: 0
2025-11-24 17:37:06 | Импорт начат | Файл: products_as_dishes_no_images (1).yml | Размер: 40713 байт
2025-11-24 17:37:06 | Импорт завершен | Создано: 102 | Обновлено: 0 | Ошибок: 0
2025-11-24 19:30:10 | Импорт начат | Файл: допы.yml | Размер: 20689 байт
2025-11-24 19:30:10 | Импорт завершен | Создано: 31 | Обновлено: 0 | Ошибок: 0
2025-11-24 19:54:47 | Импорт начат | Файл: меню.yml | Размер: 354117 байт
2025-11-24 19:54:47 | Импорт завершен | Создано: 349 | Обновлено: 0 | Ошибок: 0
2025-11-24 22:12:04 | Импорт начат | Файл: 2727235.yml | Размер: 369804 байт
2025-11-24 22:12:05 | Импорт завершен | Создано: 374 | Обновлено: 0 | Ошибок: 0
2025-11-24 22:21:42 | Импорт начат | Файл: 2727235.yml | Размер: 369804 байт
2025-11-24 22:21:42 | Импорт завершен | Создано: 374 | Обновлено: 0 | Ошибок: 0
2025-11-24 22:27:56 | Импорт начат | Файл: 2736364 (1) (2).yml | Размер: 363439 байт
2025-11-24 22:27:57 | Импорт завершен | Создано: 358 | Обновлено: 0 | Ошибок: 0
2025-11-24 23:47:28 | Импорт начат | Файл: меню (2).yml | Размер: 354117 байт
2025-11-24 23:47:28 | Импорт завершен | Создано: 349 | Обновлено: 0 | Ошибок: 0
2025-11-25 12:28:36 | Импорт начат | Файл: products_with_images (1).yml | Размер: 43376 байт
2025-11-25 12:28:36 | ОШИБКА ИМПОРТА: Не удалось прочитать YML/XML файл: Ошибка парсинга XML: Start tag expected, '<' not found

2025-11-25 12:36:38 | Импорт начат | Файл: пицца.yml | Размер: 33295 байт
2025-11-25 12:36:38 | Импорт завершен | Создано: 10 | Обновлено: 20 | Ошибок: 0
2025-11-25 12:54:56 | Импорт начат | Файл: пицца1-10.yml | Размер: 35060 байт
2025-11-25 12:54:56 | Импорт завершен | Создано: 10 | Обновлено: 20 | Ошибок: 0
2025-11-25 13:48:32 | Импорт начат | Файл: 2862945 (2).csv | Размер: 82985 байт
2025-11-25 13:48:32 | Импорт завершен | Создано: 42 | Обновлено: 1 | Ошибок: 13
Ошибки:
Строка 2: некорректная цена (0)
Строка 6: некорректная цена (0)
Строка 14: некорректная цена (0)
Строка 18: некорректная цена (0)
Строка 22: некорректная цена (0)
Строка 26: некорректная цена (0)
Строка 30: некорректная цена (0)
Строка 34: некорректная цена (0)
Строка 38: некорректная цена (0)
Строка 42: некорректная цена (0)
2025-11-25 15:24:07 | Импорт начат | Файл: соусы.csv | Размер: 8642 байт
2025-11-25 15:24:07 | Импорт завершен | Создано: 15 | Обновлено: 0 | Ошибок: 0
2025-11-25 15:28:07 | Импорт начат | Файл: 2862945 (1).csv | Размер: 5368 байт
2025-11-25 15:28:07 | Импорт завершен | Создано: 10 | Обновлено: 0 | Ошибок: 0
2025-11-25 15:29:56 | Импорт начат | Файл: 2862945.yml | Размер: 9882 байт
2025-11-25 15:29:56 | Импорт завершен | Создано: 10 | Обновлено: 0 | Ошибок: 0
2025-11-25 15:32:56 | Импорт начат | Файл: 2862945 (2).yml | Размер: 6377 байт
2025-11-25 15:32:56 | Импорт завершен | Создано: 5 | Обновлено: 0 | Ошибок: 0
2025-11-25 15:44:22 | Импорт начат | Файл: 2727235-6925a48d9607f4-21863020.csv | Размер: 8099 байт
2025-11-25 15:44:22 | Импорт завершен | Создано: 10 | Обновлено: 0 | Ошибок: 0
2025-11-25 16:14:40 | Импорт начат | Файл: 2727235-6925a55c4f8746-90012197.csv | Размер: 10408 байт
2025-11-25 16:14:40 | Импорт завершен | Создано: 19 | Обновлено: 1 | Ошибок: 0
2025-11-25 16:20:41 | Импорт начат | Файл: 1.yml | Размер: 9491 байт
2025-11-25 16:20:41 | Импорт завершен | Создано: 10 | Обновлено: 0 | Ошибок: 0
2025-11-25 16:38:18 | Импорт начат | Файл: dandy_pizzas_block.yml | Размер: 30239 байт
2025-11-25 16:38:18 | ОШИБКА ИМПОРТА: Не удалось прочитать YML/XML файл: Ошибка парсинга XML: EntityRef: expecting ';'
, EntityRef: expecting ';'
, EntityRef: expecting ';'
, EntityRef: expecting ';'
, EntityRef: expecting ';'
, EntityRef: expecting ';'
, EntityRef: expecting ';'
, EntityRef: expecting ';'
, EntityRef: expecting ';'
, EntityRef: expecting ';'
, EntityRef: expecting ';'
, EntityRef: expecting ';'
, EntityRef: expecting ';'
, EntityRef: expecting ';'
, EntityRef: expecting ';'
, EntityRef: expecting ';'
, EntityRef: expecting ';'
, EntityRef: expecting ';'
, EntityRef: expecting ';'
, EntityRef: expecting ';'
, EntityRef: expecting ';'
, EntityRef: expecting ';'
, EntityRef: expecting ';'
, EntityRef: expecting ';'
, EntityRef: expecting ';'
, EntityRef: expecting ';'
, EntityRef: expecting ';'
, EntityRef: expecting ';'
, EntityRef: expecting ';'
, EntityRef: expecting ';'

2025-11-25 16:42:09 | Импорт начат | Файл: 2862945 (3).yml | Размер: 130783 байт
2025-11-25 16:42:09 | Импорт завершен | Создано: 21 | Обновлено: 99 | Ошибок: 0
2025-11-25 16:49:45 | Импорт начат | Файл: dandy_products_block4.yml | Размер: 5575 байт
2025-11-25 16:49:45 | Импорт завершен | Создано: 10 | Обновлено: 0 | Ошибок: 0
2025-11-25 16:53:43 | Импорт начат | Файл: dandy_products_block5.yml | Размер: 5789 байт
2025-11-25 16:53:43 | Импорт завершен | Создано: 9 | Обновлено: 1 | Ошибок: 0
2025-11-25 17:03:59 | Импорт начат | Файл: dandy_products_block6_from_yml.csv | Размер: 2203 байт
2025-11-25 17:03:59 | ОШИБКА ИМПОРТА: Не найдена колонка с названием товара. Ожидаемые заголовки: название, name, имя, product
2025-11-25 17:04:05 | Импорт начат | Файл: dandy_products_block6_from_yml.csv | Размер: 2203 байт
2025-11-25 17:04:05 | ОШИБКА ИМПОРТА: Не найдена колонка с названием товара. Ожидаемые заголовки: название, name, имя, product
2025-11-25 17:04:47 | Импорт начат | Файл: dandy_products_block6_from_yml.csv | Размер: 2203 байт
2025-11-25 17:04:47 | ОШИБКА ИМПОРТА: Не найдена колонка с названием товара. Ожидаемые заголовки: название, name, имя, product
2025-11-25 17:05:47 | Импорт начат | Файл: dandy_products_block7.yml | Размер: 5575 байт
2025-11-25 17:05:47 | Импорт завершен | Создано: 9 | Обновлено: 1 | Ошибок: 0
2025-11-25 17:38:39 | Импорт начат | Файл: dandy_products_2025-11-25.yml | Размер: 5586 байт
2025-11-25 17:38:39 | Импорт завершен | Создано: 10 | Обновлено: 0 | Ошибок: 0
2025-11-25 18:00:08 | Импорт начат | Файл: dandy_products_2025-11-25_part2.yml | Размер: 5734 байт
2025-11-25 18:00:08 | Импорт завершен | Создано: 10 | Обновлено: 0 | Ошибок: 0
2025-11-25 18:08:07 | Импорт начат | Файл: dandy_products_2025-11-25_part3.yml | Размер: 5621 байт
2025-11-25 18:08:07 | Импорт завершен | Создано: 10 | Обновлено: 0 | Ошибок: 0
2025-11-25 18:13:47 | Импорт начат | Файл: dandy_products_2025-11-25_part4.yml | Размер: 9700 байт
2025-11-25 18:13:47 | Импорт завершен | Создано: 19 | Обновлено: 0 | Ошибок: 0
2025-11-25 18:21:03 | Импорт начат | Файл: dandy_products_2025-11-25_part5.yml | Размер: 40454 байт
2025-11-25 18:21:03 | ОШИБКА ИМПОРТА: Не удалось прочитать YML/XML файл: Ошибка парсинга XML: PCDATA invalid Char value 1
, PCDATA invalid Char value 1
, EntityRef: expecting ';'
, PCDATA invalid Char value 1
, PCDATA invalid Char value 2
, EntityRef: expecting ';'
, PCDATA invalid Char value 1
, EntityRef: expecting ';'
, PCDATA invalid Char value 2
, EntityRef: expecting ';'
, PCDATA invalid Char value 1
, PCDATA invalid Char value 1
, EntityRef: expecting ';'
, PCDATA invalid Char value 1
, PCDATA invalid Char value 2
, EntityRef: expecting ';'
, PCDATA invalid Char value 2
, PCDATA invalid Char value 1
, EntityRef: expecting ';'
, PCDATA invalid Char value 2
, PCDATA invalid Char value 2
, EntityRef: expecting ';'
, PCDATA invalid Char value 1
, EntityRef: expecting ';'
, PCDATA invalid Char value 2
, PCDATA invalid Char value 3
, EntityRef: expecting ';'
, PCDATA invalid Char value 4
, EntityRef: expecting ';'
, PCDATA invalid Char value 5
, EntityRef: expecting ';'
, PCDATA invalid Char value 6
, EntityRef: expecting ';'
, PCDATA invalid Char value 7
, EntityRef: expecting ';'
, PCDATA invalid Char value 3
, EntityRef: expecting ';'
, PCDATA invalid Char value 4
, EntityRef: expecting ';'
, PCDATA invalid Char value 5
, EntityRef: expecting ';'
, PCDATA invalid Char value 6
, EntityRef: expecting ';'
, PCDATA invalid Char value 7
, EntityRef: expecting ';'
, EntityRef: expecting ';'
, EntityRef: expecting ';'
, PCDATA invalid Char value 2
, PCDATA invalid Char value 1
, EntityRef: expecting ';'
, PCDATA invalid Char value 2
, PCDATA invalid Char value 2
, EntityRef: expecting ';'
, PCDATA invalid Char value 3
, PCDATA invalid Char value 1
, EntityRef: expecting ';'
, PCDATA invalid Char value 3
, PCDATA invalid Char value 2
, EntityRef: expecting ';'
, PCDATA invalid Char value 4
, PCDATA invalid Char value 1
, EntityRef: expecting ';'
, PCDATA invalid Char value 4
, PCDATA invalid Char value 2
, EntityRef: expecting ';'
, PCDATA invalid Char value 5
, PCDATA invalid Char value 1
, EntityRef: expecting ';'
, PCDATA invalid Char value 5
, PCDATA invalid Char value 2
, EntityRef: expecting ';'
, PCDATA invalid Char value 6
, PCDATA invalid Char value 1
, EntityRef: expecting ';'
, PCDATA invalid Char value 6
, PCDATA invalid Char value 2
, EntityRef: expecting ';'
, PCDATA invalid Char value 7
, PCDATA invalid Char value 1
, EntityRef: expecting ';'
, PCDATA invalid Char value 7
, PCDATA invalid Char value 2
, EntityRef: expecting ';'
, PCDATA invalid Char value 3
, PCDATA invalid Char value 1
, EntityRef: expecting ';'
, PCDATA invalid Char value 3
, PCDATA invalid Char value 2
, EntityRef: expecting ';'
, PCDATA invalid Char value 4
, PCDATA invalid Char value 1
, EntityRef: expecting ';'
, PCDATA invalid Char value 4
, PCDATA invalid Char value 2
, EntityRef: expecting ';'
, PCDATA invalid Char value 5
, PCDATA invalid Char value 1
, EntityRef: expecting ';'
, PCDATA invalid Char value 5
, PCDATA invalid Char value 2
, EntityRef: expecting ';'
, PCDATA invalid Char value 6
, PCDATA invalid Char value 1
, EntityRef: expecting ';'
, PCDATA invalid Char value 6
, PCDATA invalid Char value 2
, EntityRef: expecting ';'
, PCDATA invalid Char value 1
, EntityRef: expecting ';'
, PCDATA invalid Char value 2
, EntityRef: expecting ';'

2025-11-25 18:24:07 | Импорт начат | Файл: dandy_products_2025-11-25_part5.yml | Размер: 40454 байт
2025-11-25 18:24:07 | ОШИБКА ИМПОРТА: Не удалось прочитать YML/XML файл: Ошибка парсинга XML: PCDATA invalid Char value 1
, PCDATA invalid Char value 1
, EntityRef: expecting ';'
, PCDATA invalid Char value 1
, PCDATA invalid Char value 2
, EntityRef: expecting ';'
, PCDATA invalid Char value 1
, EntityRef: expecting ';'
, PCDATA invalid Char value 2
, EntityRef: expecting ';'
, PCDATA invalid Char value 1
, PCDATA invalid Char value 1
, EntityRef: expecting ';'
, PCDATA invalid Char value 1
, PCDATA invalid Char value 2
, EntityRef: expecting ';'
, PCDATA invalid Char value 2
, PCDATA invalid Char value 1
, EntityRef: expecting ';'
, PCDATA invalid Char value 2
, PCDATA invalid Char value 2
, EntityRef: expecting ';'
, PCDATA invalid Char value 1
, EntityRef: expecting ';'
, PCDATA invalid Char value 2
, PCDATA invalid Char value 3
, EntityRef: expecting ';'
, PCDATA invalid Char value 4
, EntityRef: expecting ';'
, PCDATA invalid Char value 5
, EntityRef: expecting ';'
, PCDATA invalid Char value 6
, EntityRef: expecting ';'
, PCDATA invalid Char value 7
, EntityRef: expecting ';'
, PCDATA invalid Char value 3
, EntityRef: expecting ';'
, PCDATA invalid Char value 4
, EntityRef: expecting ';'
, PCDATA invalid Char value 5
, EntityRef: expecting ';'
, PCDATA invalid Char value 6
, EntityRef: expecting ';'
, PCDATA invalid Char value 7
, EntityRef: expecting ';'
, EntityRef: expecting ';'
, EntityRef: expecting ';'
, PCDATA invalid Char value 2
, PCDATA invalid Char value 1
, EntityRef: expecting ';'
, PCDATA invalid Char value 2
, PCDATA invalid Char value 2
, EntityRef: expecting ';'
, PCDATA invalid Char value 3
, PCDATA invalid Char value 1
, EntityRef: expecting ';'
, PCDATA invalid Char value 3
, PCDATA invalid Char value 2
, EntityRef: expecting ';'
, PCDATA invalid Char value 4
, PCDATA invalid Char value 1
, EntityRef: expecting ';'
, PCDATA invalid Char value 4
, PCDATA invalid Char value 2
, EntityRef: expecting ';'
, PCDATA invalid Char value 5
, PCDATA invalid Char value 1
, EntityRef: expecting ';'
, PCDATA invalid Char value 5
, PCDATA invalid Char value 2
, EntityRef: expecting ';'
, PCDATA invalid Char value 6
, PCDATA invalid Char value 1
, EntityRef: expecting ';'
, PCDATA invalid Char value 6
, PCDATA invalid Char value 2
, EntityRef: expecting ';'
, PCDATA invalid Char value 7
, PCDATA invalid Char value 1
, EntityRef: expecting ';'
, PCDATA invalid Char value 7
, PCDATA invalid Char value 2
, EntityRef: expecting ';'
, PCDATA invalid Char value 3
, PCDATA invalid Char value 1
, EntityRef: expecting ';'
, PCDATA invalid Char value 3
, PCDATA invalid Char value 2
, EntityRef: expecting ';'
, PCDATA invalid Char value 4
, PCDATA invalid Char value 1
, EntityRef: expecting ';'
, PCDATA invalid Char value 4
, PCDATA invalid Char value 2
, EntityRef: expecting ';'
, PCDATA invalid Char value 5
, PCDATA invalid Char value 1
, EntityRef: expecting ';'
, PCDATA invalid Char value 5
, PCDATA invalid Char value 2
, EntityRef: expecting ';'
, PCDATA invalid Char value 6
, PCDATA invalid Char value 1
, EntityRef: expecting ';'
, PCDATA invalid Char value 6
, PCDATA invalid Char value 2
, EntityRef: expecting ';'
, PCDATA invalid Char value 1
, EntityRef: expecting ';'
, PCDATA invalid Char value 2
, EntityRef: expecting ';'

2025-11-25 18:30:12 | Импорт начат | Файл: dandy_products_2025-11-25_part6.yml | Размер: 40461 байт
2025-11-25 18:30:12 | ОШИБКА ИМПОРТА: Не удалось прочитать YML/XML файл: Ошибка парсинга XML: PCDATA invalid Char value 1
, PCDATA invalid Char value 1
, EntityRef: expecting ';'
, PCDATA invalid Char value 1
, PCDATA invalid Char value 2
, EntityRef: expecting ';'
, PCDATA invalid Char value 1
, EntityRef: expecting ';'
, PCDATA invalid Char value 2
, EntityRef: expecting ';'
, PCDATA invalid Char value 1
, PCDATA invalid Char value 1
, EntityRef: expecting ';'
, PCDATA invalid Char value 1
, PCDATA invalid Char value 2
, EntityRef: expecting ';'
, PCDATA invalid Char value 2
, PCDATA invalid Char value 1
, EntityRef: expecting ';'
, PCDATA invalid Char value 2
, PCDATA invalid Char value 2
, EntityRef: expecting ';'
, PCDATA invalid Char value 1
, EntityRef: expecting ';'
, PCDATA invalid Char value 2
, PCDATA invalid Char value 3
, EntityRef: expecting ';'
, PCDATA invalid Char value 4
, EntityRef: expecting ';'
, PCDATA invalid Char value 5
, EntityRef: expecting ';'
, PCDATA invalid Char value 6
, EntityRef: expecting ';'
, PCDATA invalid Char value 7
, EntityRef: expecting ';'
, PCDATA invalid Char value 3
, EntityRef: expecting ';'
, PCDATA invalid Char value 4
, EntityRef: expecting ';'
, PCDATA invalid Char value 5
, EntityRef: expecting ';'
, PCDATA invalid Char value 6
, EntityRef: expecting ';'
, PCDATA invalid Char value 7
, EntityRef: expecting ';'
, EntityRef: expecting ';'
, EntityRef: expecting ';'
, PCDATA invalid Char value 2
, PCDATA invalid Char value 1
, EntityRef: expecting ';'
, PCDATA invalid Char value 2
, PCDATA invalid Char value 2
, EntityRef: expecting ';'
, PCDATA invalid Char value 3
, PCDATA invalid Char value 1
, EntityRef: expecting ';'
, PCDATA invalid Char value 3
, PCDATA invalid Char value 2
, EntityRef: expecting ';'
, PCDATA invalid Char value 4
, PCDATA invalid Char value 1
, EntityRef: expecting ';'
, PCDATA invalid Char value 4
, PCDATA invalid Char value 2
, EntityRef: expecting ';'
, PCDATA invalid Char value 5
, PCDATA invalid Char value 1
, EntityRef: expecting ';'
, PCDATA invalid Char value 5
, PCDATA invalid Char value 2
, EntityRef: expecting ';'
, PCDATA invalid Char value 6
, PCDATA invalid Char value 1
, EntityRef: expecting ';'
, PCDATA invalid Char value 6
, PCDATA invalid Char value 2
, EntityRef: expecting ';'
, PCDATA invalid Char value 7
, PCDATA invalid Char value 1
, EntityRef: expecting ';'
, PCDATA invalid Char value 7
, PCDATA invalid Char value 2
, EntityRef: expecting ';'
, PCDATA invalid Char value 3
, PCDATA invalid Char value 1
, EntityRef: expecting ';'
, PCDATA invalid Char value 3
, PCDATA invalid Char value 2
, EntityRef: expecting ';'
, PCDATA invalid Char value 4
, PCDATA invalid Char value 1
, EntityRef: expecting ';'
, PCDATA invalid Char value 4
, PCDATA invalid Char value 2
, EntityRef: expecting ';'
, PCDATA invalid Char value 5
, PCDATA invalid Char value 1
, EntityRef: expecting ';'
, PCDATA invalid Char value 5
, PCDATA invalid Char value 2
, EntityRef: expecting ';'
, PCDATA invalid Char value 6
, PCDATA invalid Char value 1
, EntityRef: expecting ';'
, PCDATA invalid Char value 6
, PCDATA invalid Char value 2
, EntityRef: expecting ';'
, PCDATA invalid Char value 1
, EntityRef: expecting ';'
, PCDATA invalid Char value 2
, EntityRef: expecting ';'

2025-11-25 18:34:12 | Импорт начат | Файл: dandy_products_2025-11-25_maki.yml | Размер: 6226 байт
2025-11-25 18:34:12 | ОШИБКА ИМПОРТА: Не удалось прочитать YML/XML файл: Ошибка парсинга XML: PCDATA invalid Char value 1
, EntityRef: expecting ';'
, PCDATA invalid Char value 2
, EntityRef: expecting ';'
, PCDATA invalid Char value 3
, EntityRef: expecting ';'
, PCDATA invalid Char value 4
, EntityRef: expecting ';'
, PCDATA invalid Char value 5
, EntityRef: expecting ';'
, PCDATA invalid Char value 6
, EntityRef: expecting ';'
, PCDATA invalid Char value 7
, EntityRef: expecting ';'
, EntityRef: expecting ';'
, EntityRef: expecting ';'

2025-11-25 18:42:36 | Импорт начат | Файл: dandy_products_2025-11-25_part_big_fixed.yml | Размер: 40525 байт
2025-11-25 18:42:36 | ОШИБКА ИМПОРТА: Не удалось прочитать YML/XML файл: Ошибка парсинга XML: EntityRef: expecting ';'
, EntityRef: expecting ';'
, EntityRef: expecting ';'
, EntityRef: expecting ';'
, EntityRef: expecting ';'
, EntityRef: expecting ';'
, EntityRef: expecting ';'
, EntityRef: expecting ';'
, EntityRef: expecting ';'
, EntityRef: expecting ';'
, EntityRef: expecting ';'
, EntityRef: expecting ';'
, EntityRef: expecting ';'
, EntityRef: expecting ';'
, EntityRef: expecting ';'
, EntityRef: expecting ';'
, EntityRef: expecting ';'
, EntityRef: expecting ';'
, EntityRef: expecting ';'
, EntityRef: expecting ';'
, EntityRef: expecting ';'
, EntityRef: expecting ';'
, EntityRef: expecting ';'
, EntityRef: expecting ';'
, EntityRef: expecting ';'
, EntityRef: expecting ';'
, EntityRef: expecting ';'
, EntityRef: expecting ';'
, EntityRef: expecting ';'
, EntityRef: expecting ';'
, EntityRef: expecting ';'
, EntityRef: expecting ';'
, EntityRef: expecting ';'
, EntityRef: expecting ';'
, EntityRef: expecting ';'
, EntityRef: expecting ';'
, EntityRef: expecting ';'
, EntityRef: expecting ';'
, EntityRef: expecting ';'
, EntityRef: expecting ';'
, EntityRef: expecting ';'
, EntityRef: expecting ';'
, EntityRef: expecting ';'

2025-11-25 18:48:52 | Импорт начат | Файл: dandy_products_2025-11-25_fragment_fixed_amp.yml | Размер: 4527 байт
2025-11-25 18:48:52 | Импорт завершен | Создано: 4 | Обновлено: 0 | Ошибок: 0
2025-11-25 18:52:44 | Импорт начат | Файл: dandy_products_2025-11-25_full_fixed.yml | Размер: 40697 байт
2025-11-25 18:52:44 | Импорт завершен | Создано: 44 | Обновлено: 0 | Ошибок: 0
2025-11-25 18:57:11 | Импорт начат | Файл: dandy_products_2025-11-25_drinks_sets_fixed.yml | Размер: 6228 байт
2025-11-25 18:57:11 | ОШИБКА ИМПОРТА: Не удалось прочитать YML/XML файл: Ошибка парсинга XML: PCDATA invalid Char value 1
, PCDATA invalid Char value 2
, PCDATA invalid Char value 3
, PCDATA invalid Char value 4
, PCDATA invalid Char value 1
, PCDATA invalid Char value 2

2025-11-25 19:06:34 | Импорт начат | Файл: 2727235.yml | Размер: 369804 байт
2025-11-25 19:06:34 | Импорт завершен | Создано: 374 | Обновлено: 0 | Ошибок: 0
2025-11-25 19:08:40 | Импорт начат | Файл: 2727235.yml | Размер: 369804 байт
2025-11-25 19:08:41 | Импорт завершен | Создано: 374 | Обновлено: 0 | Ошибок: 0
2025-11-25 19:12:26 | Импорт начат | Файл: dandy_yml_drinks_sets_fixed_partial.yml | Размер: 6414 байт
2025-11-25 19:12:26 | ОШИБКА ИМПОРТА: Не удалось прочитать YML/XML файл: Ошибка парсинга XML: PCDATA invalid Char value 1
, PCDATA invalid Char value 2
, PCDATA invalid Char value 3
, PCDATA invalid Char value 4
, PCDATA invalid Char value 1
, PCDATA invalid Char value 2

2025-11-25 19:14:56 | Импорт начат | Файл: меню.yml | Размер: 354117 байт
2025-11-25 19:14:57 | Импорт завершен | Создано: 349 | Обновлено: 0 | Ошибок: 0
2025-11-25 19:19:30 | Импорт начат | Файл: меню.yml | Размер: 354117 байт
2025-11-25 19:19:31 | Импорт завершен | Создано: 349 | Обновлено: 0 | Ошибок: 0
2025-11-25 19:23:42 | Импорт начат | Файл: dandy_yml_drinks_sets_full_fixed.yml | Размер: 14410 байт
2025-11-25 19:23:42 | Импорт завершен | Создано: 15 | Обновлено: 0 | Ошибок: 0
2025-11-25 19:25:09 | Импорт начат | Файл: меню.yml | Размер: 354117 байт
2025-11-25 19:25:10 | Импорт завершен | Создано: 349 | Обновлено: 0 | Ошибок: 0
2025-11-25 19:28:48 | Импорт начат | Файл: меню.yml | Размер: 354117 байт
2025-11-25 19:28:49 | Импорт завершен | Создано: 349 | Обновлено: 0 | Ошибок: 0
2025-11-25 19:31:45 | Импорт начат | Файл: меню (2).yml | Размер: 354117 байт
2025-11-25 19:31:45 | Импорт завершен | Создано: 349 | Обновлено: 0 | Ошибок: 0
2025-11-25 19:35:11 | Импорт начат | Файл: меню.yml | Размер: 354117 байт
2025-11-25 19:35:12 | Импорт завершен | Создано: 349 | Обновлено: 0 | Ошибок: 0
2025-11-25 19:35:44 | Импорт начат | Файл: dandy_yml_fragment_fixed_full.yml | Размер: 11891 байт
2025-11-25 19:35:44 | Импорт завершен | Создано: 12 | Обновлено: 0 | Ошибок: 0
2025-11-25 19:39:31 | Импорт начат | Файл: меню.yml | Размер: 354117 байт
2025-11-25 19:39:32 | Импорт завершен | Создано: 349 | Обновлено: 0 | Ошибок: 0
2025-11-25 19:43:23 | Импорт начат | Файл: dandy_yml_rolls_fragment_fixed.yml | Размер: 6173 байт
2025-11-25 19:43:23 | Импорт завершен | Создано: 4 | Обновлено: 0 | Ошибок: 0
2025-11-25 19:44:42 | Импорт начат | Файл: 2727235.yml | Размер: 369804 байт
2025-11-25 19:44:43 | Импорт завершен | Создано: 374 | Обновлено: 0 | Ошибок: 0
2025-11-25 19:51:25 | Импорт начат | Файл: 2727235.yml | Размер: 369804 байт
2025-11-25 19:51:26 | Импорт завершен | Создано: 374 | Обновлено: 0 | Ошибок: 0
2025-11-25 20:04:16 | Импорт начат | Файл: dandy_block_fixed_2025-11-25_16-47-13.yml | Размер: 8383 байт
2025-11-25 20:04:16 | Импорт завершен | Создано: 8 | Обновлено: 0 | Ошибок: 0
2025-11-27 13:42:36 | Импорт начат | Файл: dandy_pizza_block_fixed_2025-11-27T10-38-06.yml | Размер: 4785 байт
2025-11-27 13:42:36 | Импорт завершен | Создано: 3 | Обновлено: 0 | Ошибок: 0
2025-11-27 13:55:05 | Импорт начат | Файл: 2727235-69282dec3e47d6-40581845.csv | Размер: 6330 байт
2025-11-27 13:55:05 | Импорт завершен | Создано: 3 | Обновлено: 0 | Ошибок: 1
Ошибки:
Строка 2: некорректная цена (0)
2025-11-27 22:48:53 | Импорт начат | Файл: меню.yml | Размер: 354117 байт
2025-11-27 22:48:53 | Импорт завершен | Создано: 349 | Обновлено: 0 | Ошибок: 0
2025-11-27 22:54:31 | Импорт начат | Файл: меню.yml | Размер: 354117 байт
2025-11-27 22:54:32 | Импорт завершен | Создано: 349 | Обновлено: 0 | Ошибок: 0
2025-11-27 22:58:27 | Импорт начат | Файл: меню.yml | Размер: 354117 байт
2025-11-27 22:58:28 | Импорт завершен | Создано: 349 | Обновлено: 0 | Ошибок: 0
2025-11-27 23:02:54 | Импорт начат | Файл: меню.yml | Размер: 354117 байт
2025-11-27 23:02:54 | Импорт завершен | Создано: 349 | Обновлено: 0 | Ошибок: 0
2025-11-27 23:12:27 | Импорт начат | Файл: меню.yml | Размер: 354117 байт
2025-11-27 23:12:27 | Импорт завершен | Создано: 349 | Обновлено: 0 | Ошибок: 0
2025-11-27 23:21:30 | Импорт начат | Файл: меню.yml | Размер: 354117 байт
2025-11-27 23:21:30 | Ошибка в offer #1: SQLSTATE[HY000]: General error: 25 column index out of range
2025-11-27 23:21:30 | Ошибка в offer #2: SQLSTATE[HY000]: General error: 25 column index out of range
2025-11-27 23:21:30 | Ошибка в offer #3: SQLSTATE[HY000]: General error: 25 column index out of range
2025-11-27 23:21:30 | Ошибка в offer #4: SQLSTATE[HY000]: General error: 25 column index out of range
2025-11-27 23:21:30 | Ошибка в offer #5: SQLSTATE[HY000]: General error: 25 column index out of range
2025-11-27 23:21:30 | Ошибка в offer #6: SQLSTATE[HY000]: General error: 25 column index out of range
2025-11-27 23:21:30 | Ошибка в offer #7: SQLSTATE[HY000]: General error: 25 column index out of range
2025-11-27 23:21:30 | Ошибка в offer #8: SQLSTATE[HY000]: General error: 25 column index out of range
2025-11-27 23:21:30 | Ошибка в offer #9: SQLSTATE[HY000]: General error: 25 column index out of range
2025-11-27 23:21:30 | Ошибка в offer #10: SQLSTATE[HY000]: General error: 25 column index out of range
2025-11-27 23:21:30 | Ошибка в offer #11: SQLSTATE[HY000]: General error: 25 column index out of range
2025-11-27 23:21:30 | Ошибка в offer #12: SQLSTATE[HY000]: General error: 25 column index out of range
2025-11-27 23:21:30 | Ошибка в offer #13: SQLSTATE[HY000]: General error: 25 column index out of range
2025-11-27 23:21:30 | Ошибка в offer #14: SQLSTATE[HY000]: General error: 25 column index out of range
2025-11-27 23:21:30 | Ошибка в offer #15: SQLSTATE[HY000]: General error: 25 column index out of range
2025-11-27 23:21:30 | Ошибка в offer #16: SQLSTATE[HY000]: General error: 25 column index out of range
2025-11-27 23:21:30 | Ошибка в offer #17: SQLSTATE[HY000]: General error: 25 column index out of range
2025-11-27 23:21:30 | Ошибка в offer #18: SQLSTATE[HY000]: General error: 25 column index out of range
2025-11-27 23:21:30 | Ошибка в offer #19: SQLSTATE[HY000]: General error: 25 column index out of range
2025-11-27 23:21:30 | Ошибка в offer #20: SQLSTATE[HY000]: General error: 25 column index out of range
2025-11-27 23:21:30 | Ошибка в offer #21: SQLSTATE[HY000]: General error: 25 column index out of range
2025-11-27 23:21:30 | Ошибка в offer #22: SQLSTATE[HY000]: General error: 25 column index out of range
2025-11-27 23:21:30 | Ошибка в offer #23: SQLSTATE[HY000]: General error: 25 column index out of range
2025-11-27 23:21:30 | Ошибка в offer #24: SQLSTATE[HY000]: General error: 25 column index out of range
2025-11-27 23:21:30 | Ошибка в offer #25: SQLSTATE[HY000]: General error: 25 column index out of range
2025-11-27 23:21:30 | Ошибка в offer #26: SQLSTATE[HY000]: General error: 25 column index out of range
2025-11-27 23:21:30 | Ошибка в offer #27: SQLSTATE[HY000]: General error: 25 column index out of range
2025-11-27 23:21:30 | Ошибка в offer #28: SQLSTATE[HY000]: General error: 25 column index out of range
2025-11-27 23:21:30 | Ошибка в offer #29: SQLSTATE[HY000]: General error: 25 column index out of range
2025-11-27 23:21:30 | Ошибка в offer #30: SQLSTATE[HY000]: General error: 25 column index out of range
2025-11-27 23:21:30 | Ошибка в offer #31: SQLSTATE[HY000]: General error: 25 column index out of range
2025-11-27 23:21:30 | Ошибка в offer #32: SQLSTATE[HY000]: General error: 25 column index out of range
2025-11-27 23:21:30 | Ошибка в offer #33: SQLSTATE[HY000]: General error: 25 column index out of range
2025-11-27 23:21:30 | Ошибка в offer #34: SQLSTATE[HY000]: General error: 25 column index out of range
2025-11-27 23:21:30 | Ошибка в offer #35: SQLSTATE[HY000]: General error: 25 column index out of range
2025-11-27 23:21:30 | Ошибка в offer #36: SQLSTATE[HY000]: General error: 25 column index out of range
2025-11-27 23:21:30 | Ошибка в offer #37: SQLSTATE[HY000]: General error: 25 column index out of range
2025-11-27 23:21:30 | Ошибка в offer #38: SQLSTATE[HY000]: General error: 25 column index out of range
2025-11-27 23:21:30 | Ошибка в offer #39: SQLSTATE[HY000]: General error: 25 column index out of range
2025-11-27 23:21:30 | Ошибка в offer #40: SQLSTATE[HY000]: General error: 25 column index out of range
2025-11-27 23:21:30 | Ошибка в offer #41: SQLSTATE[HY000]: General error: 25 column index out of range
2025-11-27 23:21:30 | Ошибка в offer #42: SQLSTATE[HY000]: General error: 25 column index out of range
2025-11-27 23:21:30 | Ошибка в offer #43: SQLSTATE[HY000]: General error: 25 column index out of range
2025-11-27 23:21:30 | Ошибка в offer #44: SQLSTATE[HY000]: General error: 25 column index out of range
2025-11-27 23:21:30 | Ошибка в offer #45: SQLSTATE[HY000]: General error: 25 column index out of range
2025-11-27 23:21:30 | Ошибка в offer #46: SQLSTATE[HY000]: General error: 25 column index out of range
2025-11-27 23:21:30 | Ошибка в offer #47: SQLSTATE[HY000]: General error: 25 column index out of range
2025-11-27 23:21:30 | Ошибка в offer #48: SQLSTATE[HY000]: General error: 25 column index out of range
2025-11-27 23:21:30 | Ошибка в offer #49: SQLSTATE[HY000]: General error: 25 column index out of range
2025-11-27 23:21:30 | Ошибка в offer #50: SQLSTATE[HY000]: General error: 25 column index out of range
2025-11-27 23:21:30 | Ошибка в offer #51: SQLSTATE[HY000]: General error: 25 column index out of range
2025-11-27 23:21:30 | Ошибка в offer #52: SQLSTATE[HY000]: General error: 25 column index out of range
2025-11-27 23:21:30 | Ошибка в offer #53: SQLSTATE[HY000]: General error: 25 column index out of range
2025-11-27 23:21:30 | Ошибка в offer #54: SQLSTATE[HY000]: General error: 25 column index out of range
2025-11-27 23:21:30 | Ошибка в offer #55: SQLSTATE[HY000]: General error: 25 column index out of range
2025-11-27 23:21:30 | Ошибка в offer #56: SQLSTATE[HY000]: General error: 25 column index out of range
2025-11-27 23:21:30 | Ошибка в offer #57: SQLSTATE[HY000]: General error: 25 column index out of range
2025-11-27 23:21:30 | Ошибка в offer #58: SQLSTATE[HY000]: General error: 25 column index out of range
2025-11-27 23:21:30 | Ошибка в offer #59: SQLSTATE[HY000]: General error: 25 column index out of range
2025-11-27 23:21:30 | Ошибка в offer #60: SQLSTATE[HY000]: General error: 25 column index out of range
2025-11-27 23:21:30 | Ошибка в offer #61: SQLSTATE[HY000]: General error: 25 column index out of range
2025-11-27 23:21:30 | Ошибка в offer #62: SQLSTATE[HY000]: General error: 25 column index out of range
2025-11-27 23:21:30 | Ошибка в offer #63: SQLSTATE[HY000]: General error: 25 column index out of range
2025-11-27 23:21:30 | Ошибка в offer #64: SQLSTATE[HY000]: General error: 25 column index out of range
2025-11-27 23:21:30 | Ошибка в offer #65: SQLSTATE[HY000]: General error: 25 column index out of range
2025-11-27 23:21:30 | Ошибка в offer #66: SQLSTATE[HY000]: General error: 25 column index out of range
2025-11-27 23:21:30 | Ошибка в offer #67: SQLSTATE[HY000]: General error: 25 column index out of range
2025-11-27 23:21:30 | Ошибка в offer #68: SQLSTATE[HY000]: General error: 25 column index out of range
2025-11-27 23:21:30 | Ошибка в offer #69: SQLSTATE[HY000]: General error: 25 column index out of range
2025-11-27 23:21:30 | Ошибка в offer #70: SQLSTATE[HY000]: General error: 25 column index out of range
2025-11-27 23:21:30 | Ошибка в offer #71: SQLSTATE[HY000]: General error: 25 column index out of range
2025-11-27 23:21:30 | Ошибка в offer #72: SQLSTATE[HY000]: General error: 25 column index out of range
2025-11-27 23:21:30 | Ошибка в offer #73: SQLSTATE[HY000]: General error: 25 column index out of range
2025-11-27 23:21:30 | Ошибка в offer #74: SQLSTATE[HY000]: General error: 25 column index out of range
2025-11-27 23:21:30 | Ошибка в offer #75: SQLSTATE[HY000]: General error: 25 column index out of range
2025-11-27 23:21:30 | Ошибка в offer #76: SQLSTATE[HY000]: General error: 25 column index out of range
2025-11-27 23:21:30 | Ошибка в offer #77: SQLSTATE[HY000]: General error: 25 column index out of range
2025-11-27 23:21:30 | Ошибка в offer #78: SQLSTATE[HY000]: General error: 25 column index out of range
2025-11-27 23:21:30 | Ошибка в offer #79: SQLSTATE[HY000]: General error: 25 column index out of range
2025-11-27 23:21:30 | Ошибка в offer #80: SQLSTATE[HY000]: General error: 25 column index out of range
2025-11-27 23:21:30 | Ошибка в offer #81: SQLSTATE[HY000]: General error: 25 column index out of range
2025-11-27 23:21:30 | Ошибка в offer #82: SQLSTATE[HY000]: General error: 25 column index out of range
2025-11-27 23:21:30 | Ошибка в offer #83: SQLSTATE[HY000]: General error: 25 column index out of range
2025-11-27 23:21:30 | Ошибка в offer #84: SQLSTATE[HY000]: General error: 25 column index out of range
2025-11-27 23:21:30 | Ошибка в offer #85: SQLSTATE[HY000]: General error: 25 column index out of range
2025-11-27 23:21:30 | Ошибка в offer #86: SQLSTATE[HY000]: General error: 25 column index out of range
2025-11-27 23:21:30 | Ошибка в offer #87: SQLSTATE[HY000]: General error: 25 column index out of range
2025-11-27 23:21:30 | Ошибка в offer #88: SQLSTATE[HY000]: General error: 25 column index out of range
2025-11-27 23:21:30 | Ошибка в offer #89: SQLSTATE[HY000]: General error: 25 column index out of range
2025-11-27 23:21:30 | Ошибка в offer #90: SQLSTATE[HY000]: General error: 25 column index out of range
2025-11-27 23:21:30 | Ошибка в offer #91: SQLSTATE[HY000]: General error: 25 column index out of range
2025-11-27 23:21:30 | Ошибка в offer #92: SQLSTATE[HY000]: General error: 25 column index out of range
2025-11-27 23:21:30 | Ошибка в offer #93: SQLSTATE[HY000]: General error: 25 column index out of range
2025-11-27 23:21:30 | Ошибка в offer #94: SQLSTATE[HY000]: General error: 25 column index out of range
2025-11-27 23:21:30 | Ошибка в offer #95: SQLSTATE[HY000]: General error: 25 column index out of range
2025-11-27 23:21:30 | Ошибка в offer #96: SQLSTATE[HY000]: General error: 25 column index out of range
2025-11-27 23:21:30 | Ошибка в offer #97: SQLSTATE[HY000]: General error: 25 column index out of range
2025-11-27 23:21:30 | Ошибка в offer #98: SQLSTATE[HY000]: General error: 25 column index out of range
2025-11-27 23:21:30 | Ошибка в offer #99: SQLSTATE[HY000]: General error: 25 column index out of range
2025-11-27 23:21:30 | Ошибка в offer #100: SQLSTATE[HY000]: General error: 25 column index out of range
2025-11-27 23:21:30 | Ошибка в offer #101: SQLSTATE[HY000]: General error: 25 column index out of range
2025-11-27 23:21:30 | Ошибка в offer #102: SQLSTATE[HY000]: General error: 25 column index out of range
2025-11-27 23:21:30 | Ошибка в offer #103: SQLSTATE[HY000]: General error: 25 column index out of range
2025-11-27 23:21:30 | Ошибка в offer #104: SQLSTATE[HY000]: General error: 25 column index out of range
2025-11-27 23:21:30 | Ошибка в offer #105: SQLSTATE[HY000]: General error: 25 column index out of range
2025-11-27 23:21:30 | Ошибка в offer #106: SQLSTATE[HY000]: General error: 25 column index out of range
2025-11-27 23:21:30 | Ошибка в offer #107: SQLSTATE[HY000]: General error: 25 column index out of range
2025-11-27 23:21:30 | Ошибка в offer #108: SQLSTATE[HY000]: General error: 25 column index out of range
2025-11-27 23:21:30 | Ошибка в offer #109: SQLSTATE[HY000]: General error: 25 column index out of range
2025-11-27 23:21:30 | Ошибка в offer #110: SQLSTATE[HY000]: General error: 25 column index out of range
2025-11-27 23:21:30 | Ошибка в offer #111: SQLSTATE[HY000]: General error: 25 column index out of range
2025-11-27 23:21:30 | Ошибка в offer #112: SQLSTATE[HY000]: General error: 25 column index out of range
2025-11-27 23:21:30 | Ошибка в offer #113: SQLSTATE[HY000]: General error: 25 column index out of range
2025-11-27 23:21:30 | Ошибка в offer #114: SQLSTATE[HY000]: General error: 25 column index out of range
2025-11-27 23:21:30 | Ошибка в offer #115: SQLSTATE[HY000]: General error: 25 column index out of range
2025-11-27 23:21:30 | Ошибка в offer #116: SQLSTATE[HY000]: General error: 25 column index out of range
2025-11-27 23:21:30 | Ошибка в offer #117: SQLSTATE[HY000]: General error: 25 column index out of range
2025-11-27 23:21:30 | Ошибка в offer #118: SQLSTATE[HY000]: General error: 25 column index out of range
2025-11-27 23:21:30 | Ошибка в offer #119: SQLSTATE[HY000]: General error: 25 column index out of range
2025-11-27 23:21:30 | Ошибка в offer #120: SQLSTATE[HY000]: General error: 25 column index out of range
2025-11-27 23:21:30 | Ошибка в offer #121: SQLSTATE[HY000]: General error: 25 column index out of range
2025-11-27 23:21:30 | Ошибка в offer #122: SQLSTATE[HY000]: General error: 25 column index out of range
2025-11-27 23:21:30 | Ошибка в offer #123: SQLSTATE[HY000]: General error: 25 column index out of range
2025-11-27 23:21:30 | Ошибка в offer #124: SQLSTATE[HY000]: General error: 25 column index out of range
2025-11-27 23:21:30 | Ошибка в offer #125: SQLSTATE[HY000]: General error: 25 column index out of range
2025-11-27 23:21:30 | Ошибка в offer #126: SQLSTATE[HY000]: General error: 25 column index out of range
2025-11-27 23:21:30 | Ошибка в offer #127: SQLSTATE[HY000]: General error: 25 column index out of range
2025-11-27 23:21:30 | Ошибка в offer #128: SQLSTATE[HY000]: General error: 25 column index out of range
2025-11-27 23:21:30 | Ошибка в offer #129: SQLSTATE[HY000]: General error: 25 column index out of range
2025-11-27 23:21:30 | Ошибка в offer #130: SQLSTATE[HY000]: General error: 25 column index out of range
2025-11-27 23:21:30 | Ошибка в offer #131: SQLSTATE[HY000]: General error: 25 column index out of range
2025-11-27 23:21:30 | Ошибка в offer #132: SQLSTATE[HY000]: General error: 25 column index out of range
2025-11-27 23:21:30 | Ошибка в offer #133: SQLSTATE[HY000]: General error: 25 column index out of range
2025-11-27 23:21:30 | Ошибка в offer #134: SQLSTATE[HY000]: General error: 25 column index out of range
2025-11-27 23:21:30 | Ошибка в offer #135: SQLSTATE[HY000]: General error: 25 column index out of range
2025-11-27 23:21:30 | Ошибка в offer #136: SQLSTATE[HY000]: General error: 25 column index out of range
2025-11-27 23:21:30 | Ошибка в offer #137: SQLSTATE[HY000]: General error: 25 column index out of range
2025-11-27 23:21:30 | Ошибка в offer #138: SQLSTATE[HY000]: General error: 25 column index out of range
2025-11-27 23:21:30 | Ошибка в offer #139: SQLSTATE[HY000]: General error: 25 column index out of range
2025-11-27 23:21:30 | Ошибка в offer #140: SQLSTATE[HY000]: General error: 25 column index out of range
2025-11-27 23:21:30 | Ошибка в offer #141: SQLSTATE[HY000]: General error: 25 column index out of range
2025-11-27 23:21:30 | Ошибка в offer #142: SQLSTATE[HY000]: General error: 25 column index out of range
2025-11-27 23:21:30 | Ошибка в offer #143: SQLSTATE[HY000]: General error: 25 column index out of range
2025-11-27 23:21:30 | Ошибка в offer #144: SQLSTATE[HY000]: General error: 25 column index out of range
2025-11-27 23:21:30 | Ошибка в offer #145: SQLSTATE[HY000]: General error: 25 column index out of range
2025-11-27 23:21:30 | Ошибка в offer #146: SQLSTATE[HY000]: General error: 25 column index out of range
2025-11-27 23:21:30 | Ошибка в offer #147: SQLSTATE[HY000]: General error: 25 column index out of range
2025-11-27 23:21:30 | Ошибка в offer #148: SQLSTATE[HY000]: General error: 25 column index out of range
2025-11-27 23:21:30 | Ошибка в offer #149: SQLSTATE[HY000]: General error: 25 column index out of range
2025-11-27 23:21:30 | Ошибка в offer #150: SQLSTATE[HY000]: General error: 25 column index out of range
2025-11-27 23:21:30 | Ошибка в offer #151: SQLSTATE[HY000]: General error: 25 column index out of range
2025-11-27 23:21:30 | Ошибка в offer #152: SQLSTATE[HY000]: General error: 25 column index out of range
2025-11-27 23:21:30 | Ошибка в offer #153: SQLSTATE[HY000]: General error: 25 column index out of range
2025-11-27 23:21:30 | Ошибка в offer #154: SQLSTATE[HY000]: General error: 25 column index out of range
2025-11-27 23:21:30 | Ошибка в offer #155: SQLSTATE[HY000]: General error: 25 column index out of range
2025-11-27 23:21:30 | Ошибка в offer #156: SQLSTATE[HY000]: General error: 25 column index out of range
2025-11-27 23:21:30 | Ошибка в offer #157: SQLSTATE[HY000]: General error: 25 column index out of range
2025-11-27 23:21:30 | Ошибка в offer #158: SQLSTATE[HY000]: General error: 25 column index out of range
2025-11-27 23:21:30 | Ошибка в offer #159: SQLSTATE[HY000]: General error: 25 column index out of range
2025-11-27 23:21:30 | Ошибка в offer #160: SQLSTATE[HY000]: General error: 25 column index out of range
2025-11-27 23:21:30 | Ошибка в offer #161: SQLSTATE[HY000]: General error: 25 column index out of range
2025-11-27 23:21:30 | Ошибка в offer #162: SQLSTATE[HY000]: General error: 25 column index out of range
2025-11-27 23:21:30 | Ошибка в offer #163: SQLSTATE[HY000]: General error: 25 column index out of range
2025-11-27 23:21:30 | Ошибка в offer #164: SQLSTATE[HY000]: General error: 25 column index out of range
2025-11-27 23:21:30 | Ошибка в offer #165: SQLSTATE[HY000]: General error: 25 column index out of range
2025-11-27 23:21:30 | Ошибка в offer #166: SQLSTATE[HY000]: General error: 25 column index out of range
2025-11-27 23:21:30 | Ошибка в offer #167: SQLSTATE[HY000]: General error: 25 column index out of range
2025-11-27 23:21:30 | Ошибка в offer #168: SQLSTATE[HY000]: General error: 25 column index out of range
2025-11-27 23:21:30 | Ошибка в offer #169: SQLSTATE[HY000]: General error: 25 column index out of range
2025-11-27 23:21:30 | Ошибка в offer #170: SQLSTATE[HY000]: General error: 25 column index out of range
2025-11-27 23:21:30 | Ошибка в offer #171: SQLSTATE[HY000]: General error: 25 column index out of range
2025-11-27 23:21:30 | Ошибка в offer #172: SQLSTATE[HY000]: General error: 25 column index out of range
2025-11-27 23:21:30 | Ошибка в offer #173: SQLSTATE[HY000]: General error: 25 column index out of range
2025-11-27 23:21:30 | Ошибка в offer #174: SQLSTATE[HY000]: General error: 25 column index out of range
2025-11-27 23:21:30 | Ошибка в offer #175: SQLSTATE[HY000]: General error: 25 column index out of range
2025-11-27 23:21:30 | Ошибка в offer #176: SQLSTATE[HY000]: General error: 25 column index out of range
2025-11-27 23:21:30 | Ошибка в offer #177: SQLSTATE[HY000]: General error: 25 column index out of range
2025-11-27 23:21:30 | Ошибка в offer #178: SQLSTATE[HY000]: General error: 25 column index out of range
2025-11-27 23:21:30 | Ошибка в offer #179: SQLSTATE[HY000]: General error: 25 column index out of range
2025-11-27 23:21:30 | Ошибка в offer #180: SQLSTATE[HY000]: General error: 25 column index out of range
2025-11-27 23:21:30 | Ошибка в offer #181: SQLSTATE[HY000]: General error: 25 column index out of range
2025-11-27 23:21:30 | Ошибка в offer #182: SQLSTATE[HY000]: General error: 25 column index out of range
2025-11-27 23:21:30 | Ошибка в offer #183: SQLSTATE[HY000]: General error: 25 column index out of range
2025-11-27 23:21:30 | Ошибка в offer #184: SQLSTATE[HY000]: General error: 25 column index out of range
2025-11-27 23:21:30 | Ошибка в offer #185: SQLSTATE[HY000]: General error: 25 column index out of range
2025-11-27 23:21:30 | Ошибка в offer #186: SQLSTATE[HY000]: General error: 25 column index out of range
2025-11-27 23:21:30 | Ошибка в offer #187: SQLSTATE[HY000]: General error: 25 column index out of range
2025-11-27 23:21:30 | Ошибка в offer #188: SQLSTATE[HY000]: General error: 25 column index out of range
2025-11-27 23:21:30 | Ошибка в offer #189: SQLSTATE[HY000]: General error: 25 column index out of range
2025-11-27 23:21:30 | Ошибка в offer #190: SQLSTATE[HY000]: General error: 25 column index out of range
2025-11-27 23:21:30 | Ошибка в offer #191: SQLSTATE[HY000]: General error: 25 column index out of range
2025-11-27 23:21:30 | Ошибка в offer #192: SQLSTATE[HY000]: General error: 25 column index out of range
2025-11-27 23:21:30 | Ошибка в offer #193: SQLSTATE[HY000]: General error: 25 column index out of range
2025-11-27 23:21:30 | Ошибка в offer #194: SQLSTATE[HY000]: General error: 25 column index out of range
2025-11-27 23:21:30 | Ошибка в offer #195: SQLSTATE[HY000]: General error: 25 column index out of range
2025-11-27 23:21:30 | Ошибка в offer #196: SQLSTATE[HY000]: General error: 25 column index out of range
2025-11-27 23:21:30 | Ошибка в offer #197: SQLSTATE[HY000]: General error: 25 column index out of range
2025-11-27 23:21:30 | Ошибка в offer #198: SQLSTATE[HY000]: General error: 25 column index out of range
2025-11-27 23:21:30 | Ошибка в offer #199: SQLSTATE[HY000]: General error: 25 column index out of range
2025-11-27 23:21:30 | Ошибка в offer #200: SQLSTATE[HY000]: General error: 25 column index out of range
2025-11-27 23:21:30 | Ошибка в offer #201: SQLSTATE[HY000]: General error: 25 column index out of range
2025-11-27 23:21:30 | Ошибка в offer #202: SQLSTATE[HY000]: General error: 25 column index out of range
2025-11-27 23:21:30 | Ошибка в offer #203: SQLSTATE[HY000]: General error: 25 column index out of range
2025-11-27 23:21:30 | Ошибка в offer #204: SQLSTATE[HY000]: General error: 25 column index out of range
2025-11-27 23:21:30 | Ошибка в offer #205: SQLSTATE[HY000]: General error: 25 column index out of range
2025-11-27 23:21:30 | Ошибка в offer #206: SQLSTATE[HY000]: General error: 25 column index out of range
2025-11-27 23:21:30 | Ошибка в offer #207: SQLSTATE[HY000]: General error: 25 column index out of range
2025-11-27 23:21:30 | Ошибка в offer #208: SQLSTATE[HY000]: General error: 25 column index out of range
2025-11-27 23:21:30 | Ошибка в offer #209: SQLSTATE[HY000]: General error: 25 column index out of range
2025-11-27 23:21:30 | Ошибка в offer #210: SQLSTATE[HY000]: General error: 25 column index out of range
2025-11-27 23:21:30 | Ошибка в offer #211: SQLSTATE[HY000]: General error: 25 column index out of range
2025-11-27 23:21:30 | Ошибка в offer #212: SQLSTATE[HY000]: General error: 25 column index out of range
2025-11-27 23:21:30 | Ошибка в offer #213: SQLSTATE[HY000]: General error: 25 column index out of range
2025-11-27 23:21:30 | Ошибка в offer #214: SQLSTATE[HY000]: General error: 25 column index out of range
2025-11-27 23:21:30 | Ошибка в offer #215: SQLSTATE[HY000]: General error: 25 column index out of range
2025-11-27 23:21:30 | Ошибка в offer #216: SQLSTATE[HY000]: General error: 25 column index out of range
2025-11-27 23:21:30 | Ошибка в offer #217: SQLSTATE[HY000]: General error: 25 column index out of range
2025-11-27 23:21:30 | Ошибка в offer #218: SQLSTATE[HY000]: General error: 25 column index out of range
2025-11-27 23:21:30 | Ошибка в offer #219: SQLSTATE[HY000]: General error: 25 column index out of range
2025-11-27 23:21:30 | Ошибка в offer #220: SQLSTATE[HY000]: General error: 25 column index out of range
2025-11-27 23:21:30 | Ошибка в offer #221: SQLSTATE[HY000]: General error: 25 column index out of range
2025-11-27 23:21:30 | Ошибка в offer #222: SQLSTATE[HY000]: General error: 25 column index out of range
2025-11-27 23:21:30 | Ошибка в offer #223: SQLSTATE[HY000]: General error: 25 column index out of range
2025-11-27 23:21:30 | Ошибка в offer #224: SQLSTATE[HY000]: General error: 25 column index out of range
2025-11-27 23:21:30 | Ошибка в offer #225: SQLSTATE[HY000]: General error: 25 column index out of range
2025-11-27 23:21:30 | Ошибка в offer #226: SQLSTATE[HY000]: General error: 25 column index out of range
2025-11-27 23:21:30 | Ошибка в offer #227: SQLSTATE[HY000]: General error: 25 column index out of range
2025-11-27 23:21:30 | Ошибка в offer #228: SQLSTATE[HY000]: General error: 25 column index out of range
2025-11-27 23:21:30 | Ошибка в offer #229: SQLSTATE[HY000]: General error: 25 column index out of range
2025-11-27 23:21:30 | Ошибка в offer #230: SQLSTATE[HY000]: General error: 25 column index out of range
2025-11-27 23:21:30 | Ошибка в offer #231: SQLSTATE[HY000]: General error: 25 column index out of range
2025-11-27 23:21:30 | Ошибка в offer #232: SQLSTATE[HY000]: General error: 25 column index out of range
2025-11-27 23:21:30 | Ошибка в offer #233: SQLSTATE[HY000]: General error: 25 column index out of range
2025-11-27 23:21:30 | Ошибка в offer #234: SQLSTATE[HY000]: General error: 25 column index out of range
2025-11-27 23:21:30 | Ошибка в offer #235: SQLSTATE[HY000]: General error: 25 column index out of range
2025-11-27 23:21:30 | Ошибка в offer #236: SQLSTATE[HY000]: General error: 25 column index out of range
2025-11-27 23:21:30 | Ошибка в offer #237: SQLSTATE[HY000]: General error: 25 column index out of range
2025-11-27 23:21:30 | Ошибка в offer #238: SQLSTATE[HY000]: General error: 25 column index out of range
2025-11-27 23:21:30 | Ошибка в offer #239: SQLSTATE[HY000]: General error: 25 column index out of range
2025-11-27 23:21:30 | Ошибка в offer #240: SQLSTATE[HY000]: General error: 25 column index out of range
2025-11-27 23:21:30 | Ошибка в offer #241: SQLSTATE[HY000]: General error: 25 column index out of range
2025-11-27 23:21:30 | Ошибка в offer #242: SQLSTATE[HY000]: General error: 25 column index out of range
2025-11-27 23:21:30 | Ошибка в offer #243: SQLSTATE[HY000]: General error: 25 column index out of range
2025-11-27 23:21:30 | Ошибка в offer #244: SQLSTATE[HY000]: General error: 25 column index out of range
2025-11-27 23:21:30 | Ошибка в offer #245: SQLSTATE[HY000]: General error: 25 column index out of range
2025-11-27 23:21:30 | Ошибка в offer #246: SQLSTATE[HY000]: General error: 25 column index out of range
2025-11-27 23:21:30 | Ошибка в offer #247: SQLSTATE[HY000]: General error: 25 column index out of range
2025-11-27 23:21:30 | Ошибка в offer #248: SQLSTATE[HY000]: General error: 25 column index out of range
2025-11-27 23:21:30 | Ошибка в offer #249: SQLSTATE[HY000]: General error: 25 column index out of range
2025-11-27 23:21:30 | Ошибка в offer #250: SQLSTATE[HY000]: General error: 25 column index out of range
2025-11-27 23:21:30 | Ошибка в offer #251: SQLSTATE[HY000]: General error: 25 column index out of range
2025-11-27 23:21:30 | Ошибка в offer #252: SQLSTATE[HY000]: General error: 25 column index out of range
2025-11-27 23:21:30 | Ошибка в offer #253: SQLSTATE[HY000]: General error: 25 column index out of range
2025-11-27 23:21:30 | Ошибка в offer #254: SQLSTATE[HY000]: General error: 25 column index out of range
2025-11-27 23:21:30 | Ошибка в offer #255: SQLSTATE[HY000]: General error: 25 column index out of range
2025-11-27 23:21:30 | Ошибка в offer #256: SQLSTATE[HY000]: General error: 25 column index out of range
2025-11-27 23:21:30 | Ошибка в offer #257: SQLSTATE[HY000]: General error: 25 column index out of range
2025-11-27 23:21:30 | Ошибка в offer #258: SQLSTATE[HY000]: General error: 25 column index out of range
2025-11-27 23:21:30 | Ошибка в offer #259: SQLSTATE[HY000]: General error: 25 column index out of range
2025-11-27 23:21:30 | Ошибка в offer #260: SQLSTATE[HY000]: General error: 25 column index out of range
2025-11-27 23:21:30 | Ошибка в offer #261: SQLSTATE[HY000]: General error: 25 column index out of range
2025-11-27 23:21:30 | Ошибка в offer #262: SQLSTATE[HY000]: General error: 25 column index out of range
2025-11-27 23:21:30 | Ошибка в offer #263: SQLSTATE[HY000]: General error: 25 column index out of range
2025-11-27 23:21:30 | Ошибка в offer #264: SQLSTATE[HY000]: General error: 25 column index out of range
2025-11-27 23:21:30 | Ошибка в offer #265: SQLSTATE[HY000]: General error: 25 column index out of range
2025-11-27 23:21:30 | Ошибка в offer #266: SQLSTATE[HY000]: General error: 25 column index out of range
2025-11-27 23:21:30 | Ошибка в offer #267: SQLSTATE[HY000]: General error: 25 column index out of range
2025-11-27 23:21:30 | Ошибка в offer #268: SQLSTATE[HY000]: General error: 25 column index out of range
2025-11-27 23:21:30 | Ошибка в offer #269: SQLSTATE[HY000]: General error: 25 column index out of range
2025-11-27 23:21:30 | Ошибка в offer #270: SQLSTATE[HY000]: General error: 25 column index out of range
2025-11-27 23:21:30 | Ошибка в offer #271: SQLSTATE[HY000]: General error: 25 column index out of range
2025-11-27 23:21:30 | Ошибка в offer #272: SQLSTATE[HY000]: General error: 25 column index out of range
2025-11-27 23:21:30 | Ошибка в offer #273: SQLSTATE[HY000]: General error: 25 column index out of range
2025-11-27 23:21:30 | Ошибка в offer #274: SQLSTATE[HY000]: General error: 25 column index out of range
2025-11-27 23:21:30 | Ошибка в offer #275: SQLSTATE[HY000]: General error: 25 column index out of range
2025-11-27 23:21:30 | Ошибка в offer #276: SQLSTATE[HY000]: General error: 25 column index out of range
2025-11-27 23:21:30 | Ошибка в offer #277: SQLSTATE[HY000]: General error: 25 column index out of range
2025-11-27 23:21:30 | Ошибка в offer #278: SQLSTATE[HY000]: General error: 25 column index out of range
2025-11-27 23:21:30 | Ошибка в offer #279: SQLSTATE[HY000]: General error: 25 column index out of range
2025-11-27 23:21:30 | Ошибка в offer #280: SQLSTATE[HY000]: General error: 25 column index out of range
2025-11-27 23:21:30 | Ошибка в offer #281: SQLSTATE[HY000]: General error: 25 column index out of range
2025-11-27 23:21:30 | Ошибка в offer #282: SQLSTATE[HY000]: General error: 25 column index out of range
2025-11-27 23:21:30 | Ошибка в offer #283: SQLSTATE[HY000]: General error: 25 column index out of range
2025-11-27 23:21:30 | Ошибка в offer #284: SQLSTATE[HY000]: General error: 25 column index out of range
2025-11-27 23:21:30 | Ошибка в offer #285: SQLSTATE[HY000]: General error: 25 column index out of range
2025-11-27 23:21:30 | Ошибка в offer #286: SQLSTATE[HY000]: General error: 25 column index out of range
2025-11-27 23:21:30 | Ошибка в offer #287: SQLSTATE[HY000]: General error: 25 column index out of range
2025-11-27 23:21:30 | Ошибка в offer #288: SQLSTATE[HY000]: General error: 25 column index out of range
2025-11-27 23:21:30 | Ошибка в offer #289: SQLSTATE[HY000]: General error: 25 column index out of range
2025-11-27 23:21:30 | Ошибка в offer #290: SQLSTATE[HY000]: General error: 25 column index out of range
2025-11-27 23:21:30 | Ошибка в offer #291: SQLSTATE[HY000]: General error: 25 column index out of range
2025-11-27 23:21:30 | Ошибка в offer #292: SQLSTATE[HY000]: General error: 25 column index out of range
2025-11-27 23:21:30 | Ошибка в offer #293: SQLSTATE[HY000]: General error: 25 column index out of range
2025-11-27 23:21:30 | Ошибка в offer #294: SQLSTATE[HY000]: General error: 25 column index out of range
2025-11-27 23:21:30 | Ошибка в offer #295: SQLSTATE[HY000]: General error: 25 column index out of range
2025-11-27 23:21:30 | Ошибка в offer #296: SQLSTATE[HY000]: General error: 25 column index out of range
2025-11-27 23:21:30 | Ошибка в offer #297: SQLSTATE[HY000]: General error: 25 column index out of range
2025-11-27 23:21:30 | Ошибка в offer #298: SQLSTATE[HY000]: General error: 25 column index out of range
2025-11-27 23:21:30 | Ошибка в offer #299: SQLSTATE[HY000]: General error: 25 column index out of range
2025-11-27 23:21:30 | Ошибка в offer #300: SQLSTATE[HY000]: General error: 25 column index out of range
2025-11-27 23:21:30 | Ошибка в offer #301: SQLSTATE[HY000]: General error: 25 column index out of range
2025-11-27 23:21:30 | Ошибка в offer #302: SQLSTATE[HY000]: General error: 25 column index out of range
2025-11-27 23:21:30 | Ошибка в offer #303: SQLSTATE[HY000]: General error: 25 column index out of range
2025-11-27 23:21:30 | Ошибка в offer #304: SQLSTATE[HY000]: General error: 25 column index out of range
2025-11-27 23:21:30 | Ошибка в offer #305: SQLSTATE[HY000]: General error: 25 column index out of range
2025-11-27 23:21:30 | Ошибка в offer #306: SQLSTATE[HY000]: General error: 25 column index out of range
2025-11-27 23:21:30 | Ошибка в offer #307: SQLSTATE[HY000]: General error: 25 column index out of range
2025-11-27 23:21:30 | Ошибка в offer #308: SQLSTATE[HY000]: General error: 25 column index out of range
2025-11-27 23:21:30 | Ошибка в offer #309: SQLSTATE[HY000]: General error: 25 column index out of range
2025-11-27 23:21:30 | Ошибка в offer #310: SQLSTATE[HY000]: General error: 25 column index out of range
2025-11-27 23:21:30 | Ошибка в offer #311: SQLSTATE[HY000]: General error: 25 column index out of range
2025-11-27 23:21:30 | Ошибка в offer #312: SQLSTATE[HY000]: General error: 25 column index out of range
2025-11-27 23:21:30 | Ошибка в offer #313: SQLSTATE[HY000]: General error: 25 column index out of range
2025-11-27 23:21:30 | Ошибка в offer #314: SQLSTATE[HY000]: General error: 25 column index out of range
2025-11-27 23:21:30 | Ошибка в offer #315: SQLSTATE[HY000]: General error: 25 column index out of range
2025-11-27 23:21:30 | Ошибка в offer #316: SQLSTATE[HY000]: General error: 25 column index out of range
2025-11-27 23:21:30 | Ошибка в offer #317: SQLSTATE[HY000]: General error: 25 column index out of range
2025-11-27 23:21:30 | Ошибка в offer #318: SQLSTATE[HY000]: General error: 25 column index out of range
2025-11-27 23:21:30 | Ошибка в offer #319: SQLSTATE[HY000]: General error: 25 column index out of range
2025-11-27 23:21:30 | Ошибка в offer #320: SQLSTATE[HY000]: General error: 25 column index out of range
2025-11-27 23:21:30 | Ошибка в offer #321: SQLSTATE[HY000]: General error: 25 column index out of range
2025-11-27 23:21:30 | Ошибка в offer #322: SQLSTATE[HY000]: General error: 25 column index out of range
2025-11-27 23:21:30 | Ошибка в offer #323: SQLSTATE[HY000]: General error: 25 column index out of range
2025-11-27 23:21:30 | Ошибка в offer #324: SQLSTATE[HY000]: General error: 25 column index out of range
2025-11-27 23:21:30 | Ошибка в offer #325: SQLSTATE[HY000]: General error: 25 column index out of range
2025-11-27 23:21:30 | Ошибка в offer #326: SQLSTATE[HY000]: General error: 25 column index out of range
2025-11-27 23:21:30 | Ошибка в offer #327: SQLSTATE[HY000]: General error: 25 column index out of range
2025-11-27 23:21:30 | Ошибка в offer #328: SQLSTATE[HY000]: General error: 25 column index out of range
2025-11-27 23:21:30 | Ошибка в offer #329: SQLSTATE[HY000]: General error: 25 column index out of range
2025-11-27 23:21:30 | Ошибка в offer #330: SQLSTATE[HY000]: General error: 25 column index out of range
2025-11-27 23:21:30 | Ошибка в offer #331: SQLSTATE[HY000]: General error: 25 column index out of range
2025-11-27 23:21:30 | Ошибка в offer #332: SQLSTATE[HY000]: General error: 25 column index out of range
2025-11-27 23:21:30 | Ошибка в offer #333: SQLSTATE[HY000]: General error: 25 column index out of range
2025-11-27 23:21:30 | Ошибка в offer #334: SQLSTATE[HY000]: General error: 25 column index out of range
2025-11-27 23:21:30 | Ошибка в offer #335: SQLSTATE[HY000]: General error: 25 column index out of range
2025-11-27 23:21:30 | Ошибка в offer #336: SQLSTATE[HY000]: General error: 25 column index out of range
2025-11-27 23:21:30 | Ошибка в offer #337: SQLSTATE[HY000]: General error: 25 column index out of range
2025-11-27 23:21:30 | Ошибка в offer #338: SQLSTATE[HY000]: General error: 25 column index out of range
2025-11-27 23:21:30 | Ошибка в offer #339: SQLSTATE[HY000]: General error: 25 column index out of range
2025-11-27 23:21:30 | Ошибка в offer #340: SQLSTATE[HY000]: General error: 25 column index out of range
2025-11-27 23:21:30 | Ошибка в offer #341: SQLSTATE[HY000]: General error: 25 column index out of range
2025-11-27 23:21:30 | Ошибка в offer #342: SQLSTATE[HY000]: General error: 25 column index out of range
2025-11-27 23:21:30 | Ошибка в offer #343: SQLSTATE[HY000]: General error: 25 column index out of range
2025-11-27 23:21:30 | Ошибка в offer #344: SQLSTATE[HY000]: General error: 25 column index out of range
2025-11-27 23:21:30 | Ошибка в offer #345: SQLSTATE[HY000]: General error: 25 column index out of range
2025-11-27 23:21:30 | Ошибка в offer #346: SQLSTATE[HY000]: General error: 25 column index out of range
2025-11-27 23:21:30 | Ошибка в offer #347: SQLSTATE[HY000]: General error: 25 column index out of range
2025-11-27 23:21:30 | Ошибка в offer #348: SQLSTATE[HY000]: General error: 25 column index out of range
2025-11-27 23:21:30 | Ошибка в offer #349: SQLSTATE[HY000]: General error: 25 column index out of range
2025-11-27 23:21:30 | Импорт завершен | Создано: 0 | Обновлено: 0 | Ошибок: 349
Ошибки:
Offer #1: SQLSTATE[HY000]: General error: 25 column index out of range
Offer #2: SQLSTATE[HY000]: General error: 25 column index out of range
Offer #3: SQLSTATE[HY000]: General error: 25 column index out of range
Offer #4: SQLSTATE[HY000]: General error: 25 column index out of range
Offer #5: SQLSTATE[HY000]: General error: 25 column index out of range
Offer #6: SQLSTATE[HY000]: General error: 25 column index out of range
Offer #7: SQLSTATE[HY000]: General error: 25 column index out of range
Offer #8: SQLSTATE[HY000]: General error: 25 column index out of range
Offer #9: SQLSTATE[HY000]: General error: 25 column index out of range
Offer #10: SQLSTATE[HY000]: General error: 25 column index out of range
2025-11-27 23:38:47 | Импорт начат | Файл: меню.yml | Размер: 354117 байт
2025-11-27 23:38:48 | Импорт завершен | Создано: 349 | Обновлено: 0 | Ошибок: 0
2025-11-27 23:46:29 | Импорт начат | Файл: меню.yml | Размер: 354117 байт
2025-11-27 23:46:30 | Импорт завершен | Создано: 349 | Обновлено: 0 | Ошибок: 0
2025-11-27 23:50:36 | Импорт начат | Файл: меню.yml | Размер: 354117 байт
2025-11-27 23:50:37 | Импорт завершен | Создано: 349 | Обновлено: 0 | Ошибок: 0
2025-11-28 00:04:51 | Импорт начат | Файл: меню.yml | Размер: 354117 байт
2025-11-28 00:04:51 | Импорт завершен | Создано: 349 | Обновлено: 0 | Ошибок: 0
2025-11-28 15:50:22 | Импорт начат | Файл: 2727235.yml | Размер: 369804 байт
2025-11-28 15:50:23 | Импорт завершен | Создано: 374 | Обновлено: 0 | Ошибок: 0
2025-11-28 16:25:26 | Импорт начат | Файл: dandy_pizza_chicken_bbq_fixed.yml | Размер: 4487 байт
2025-11-28 16:25:26 | Импорт завершен | Создано: 3 | Обновлено: 0 | Ошибок: 0
2025-11-28 17:27:53 | Импорт начат | Файл: 2727235.yml | Размер: 369804 байт
2025-11-28 17:27:54 | Импорт завершен | Создано: 374 | Обновлено: 0 | Ошибок: 0
2025-11-28 17:32:45 | Импорт начат | Файл: 2727235.yml | Размер: 369804 байт
2025-11-28 17:32:46 | Импорт завершен | Создано: 374 | Обновлено: 0 | Ошибок: 0
2025-11-28 17:40:21 | Импорт начат | Файл: 2727235.yml | Размер: 369804 байт
2025-11-28 17:40:22 | Импорт завершен | Создано: 374 | Обновлено: 0 | Ошибок: 0
2025-11-28 17:47:50 | Импорт начат | Файл: 2727235.yml | Размер: 369804 байт
2025-11-28 17:47:50 | Импорт завершен | Создано: 222 | Обновлено: 152 | Ошибок: 0
2025-11-28 17:54:37 | Импорт начат | Файл: 2727235.yml | Размер: 369804 байт
2025-11-28 17:54:37 | Импорт завершен | Создано: 0 | Обновлено: 374 | Ошибок: 0
2025-11-28 19:54:18 | Импорт начат | Файл: 2727235-6929d11546b8c3-02241420.csv | Размер: 6330 байт
2025-11-28 19:54:18 | Импорт завершен | Создано: 3 | Обновлено: 0 | Ошибок: 1
Ошибки:
Строка 2: некорректная цена (0)
2025-11-29 14:39:29 | Импорт начат | Файл: 2727235.yml | Размер: 369804 байт
2025-11-29 14:39:30 | Импорт завершен | Создано: 374 | Обновлено: 0 | Ошибок: 0
2025-11-29 21:26:59 | Импорт начат | Файл: 2727235-6929d11546b8c3-02241420.csv | Размер: 6330 байт
2025-11-29 21:26:59 | Импорт завершен | Создано: 3 | Обновлено: 0 | Ошибок: 1
Ошибки:
Строка 2: некорректная цена (0)
